============================= test session starts ==============================
platform darwin -- Python 3.9.13, pytest-7.1.2, pluggy-1.0.0 -- /Users/chy/opt/anaconda3/bin/python
cachedir: .pytest_cache
rootdir: /Users/chy/Desktop/My code/video_editor_platform, configfile: pytest.ini
plugins: anyio-3.5.0
collecting ... collected 39 items

tests/integration/test_integrations.py::TestAPIIntegration::test_health_endpoint SKIPPED (Could not initialize API client: No module named 'fastapi') [  2%]
tests/integration/test_integrations.py::TestAPIIntegration::test_root_endpoint SKIPPED (Could not initialize API client: No module named 'fastapi') [  5%]
tests/integration/test_integrations.py::TestConfigurationIntegration::test_local_setup_configuration SKIPPED (Configuration test skipped: No module named 'pydantic_settings') [  7%]
tests/integration/test_integrations.py::TestConfigurationIntegration::test_sqlite_database_configuration SKIPPED (SQLite test skipped: No module named 'pydantic_settings') [ 10%]
tests/integration/test_integrations.py::TestFileUploadWorkflow::test_sample_video_creation PASSED [ 12%]
tests/integration/test_integrations.py::TestFileUploadWorkflow::test_temp_directory_structure PASSED [ 15%]
tests/integration/test_integrations.py::TestDependencyIntegration::test_numpy_and_opencv_integration SKIPPED (NumPy+OpenCV test skipped: No module named 'cv2') [ 17%]
tests/integration/test_integrations.py::TestDependencyIntegration::test_audio_libraries_integration SKIPPED (Audio library test skipped: No module named 'librosa') [ 20%]
tests/integration/test_integrations.py::TestDependencyIntegration::test_pyttsx3_initialization FAILED [ 23%]
tests/integration/test_integrations.py::TestLocalModelsAvailability::test_ollama_configuration FAILED [ 25%]
tests/integration/test_integrations.py::TestLocalModelsAvailability::test_pyttsx3_available_without_api FAILED [ 28%]
tests/integration/test_integrations.py::TestLocalModelsAvailability::test_esrgan_model_loadable SKIPPED (ESRGAN test skipped: No module named 'pydantic_settings') [ 30%]
tests/integration/test_integrations.py::TestDatabaseSetup::test_sqlite_database_creation PASSED [ 33%]
tests/integration/test_integrations.py::TestDatabaseSetup::test_in_memory_database PASSED [ 35%]
tests/integration/test_integrations.py::TestProjectStructure::test_package_imports FAILED [ 38%]
tests/integration/test_integrations.py::TestProjectStructure::test_fastapi_app_structure FAILED [ 41%]
tests/integration/test_integrations.py::TestIntegrationSummary::test_all_integrations_passed PASSED [ 43%]
tests/unit/test_core_setup.py::TestConfiguration::test_config_loading PASSED [ 46%]
tests/unit/test_core_setup.py::TestConfiguration::test_config_defaults FAILED [ 48%]
tests/unit/test_core_setup.py::TestConfiguration::test_database_url_parsing FAILED [ 51%]
tests/unit/test_core_setup.py::TestConfiguration::test_local_models_config FAILED [ 53%]
tests/unit/test_core_setup.py::TestFileValidation::test_max_file_size_validation PASSED [ 56%]
tests/unit/test_core_setup.py::TestFileValidation::test_video_format_validation FAILED [ 58%]
tests/unit/test_core_setup.py::TestFileValidation::test_invalid_file_rejection FAILED [ 61%]
tests/unit/test_core_setup.py::TestFileValidation::test_file_path_validation PASSED [ 64%]
tests/unit/test_core_setup.py::TestAPIConfiguration::test_fastapi_app_creation SKIPPED (Could not initialize API client: No module named 'fastapi') [ 66%]
tests/unit/test_core_setup.py::TestAPIConfiguration::test_cors_configuration SKIPPED (Could not initialize API client: No module named 'fastapi') [ 69%]
tests/unit/test_core_setup.py::TestAPIConfiguration::test_gzip_middleware SKIPPED (Could not initialize API client: No module named 'fastapi') [ 71%]
tests/unit/test_core_setup.py::TestAPIConfiguration::test_root_endpoint SKIPPED (Could not initialize API client: No module named 'fastapi') [ 74%]
tests/unit/test_core_setup.py::TestEnvironmentSetup::test_required_packages_available FAILED [ 76%]
tests/unit/test_core_setup.py::TestEnvironmentSetup::test_ffmpeg_installation SKIPPED (FFmpeg not installed - this is OK for unit tests) [ 79%]
tests/unit/test_core_setup.py::TestEnvironmentSetup::test_torch_installation Fatal Python error: Aborted

Current thread 0x0000000202c69200 (most recent call first):
  File "<frozen importlib._bootstrap>", line 228 in _call_with_frames_removed
  File "<frozen importlib._bootstrap_external>", line 1173 in create_module
  File "<frozen importlib._bootstrap>", line 565 in module_from_spec
  File "<frozen importlib._bootstrap>", line 666 in _load_unlocked
  File "<frozen importlib._bootstrap>", line 986 in _find_and_load_unlocked
  File "<frozen importlib._bootstrap>", line 1007 in _find_and_load
  File "/Users/chy/opt/anaconda3/lib/python3.9/site-packages/torch/__init__.py", line 237 in <module>
  File "<frozen importlib._bootstrap>", line 228 in _call_with_frames_removed
  File "<frozen importlib._bootstrap_external>", line 850 in exec_module
  File "<frozen importlib._bootstrap>", line 680 in _load_unlocked
  File "<frozen importlib._bootstrap>", line 986 in _find_and_load_unlocked
  File "<frozen importlib._bootstrap>", line 1007 in _find_and_load
  File "/Users/chy/Desktop/My code/video_editor_platform/tests/unit/test_core_setup.py", line 166 in test_torch_installation
  File "/Users/chy/opt/anaconda3/lib/python3.9/site-packages/_pytest/python.py", line 192 in pytest_pyfunc_call
  File "/Users/chy/opt/anaconda3/lib/python3.9/site-packages/pluggy/_callers.py", line 39 in _multicall
  File "/Users/chy/opt/anaconda3/lib/python3.9/site-packages/pluggy/_manager.py", line 80 in _hookexec
  File "/Users/chy/opt/anaconda3/lib/python3.9/site-packages/pluggy/_hooks.py", line 265 in __call__
  File "/Users/chy/opt/anaconda3/lib/python3.9/site-packages/_pytest/python.py", line 1761 in runtest
  File "/Users/chy/opt/anaconda3/lib/python3.9/site-packages/_pytest/runner.py", line 166 in pytest_runtest_call
  File "/Users/chy/opt/anaconda3/lib/python3.9/site-packages/pluggy/_callers.py", line 39 in _multicall
  File "/Users/chy/opt/anaconda3/lib/python3.9/site-packages/pluggy/_manager.py", line 80 in _hookexec
  File "/Users/chy/opt/anaconda3/lib/python3.9/site-packages/pluggy/_hooks.py", line 265 in __call__
  File "/Users/chy/opt/anaconda3/lib/python3.9/site-packages/_pytest/runner.py", line 259 in <lambda>
  File "/Users/chy/opt/anaconda3/lib/python3.9/site-packages/_pytest/runner.py", line 338 in from_call
  File "/Users/chy/opt/anaconda3/lib/python3.9/site-packages/_pytest/runner.py", line 258 in call_runtest_hook
  File "/Users/chy/opt/anaconda3/lib/python3.9/site-packages/_pytest/runner.py", line 219 in call_and_report
  File "/Users/chy/opt/anaconda3/lib/python3.9/site-packages/_pytest/runner.py", line 130 in runtestprotocol
  File "/Users/chy/opt/anaconda3/lib/python3.9/site-packages/_pytest/runner.py", line 111 in pytest_runtest_protocol
  File "/Users/chy/opt/anaconda3/lib/python3.9/site-packages/pluggy/_callers.py", line 39 in _multicall
  File "/Users/chy/opt/anaconda3/lib/python3.9/site-packages/pluggy/_manager.py", line 80 in _hookexec
  File "/Users/chy/opt/anaconda3/lib/python3.9/site-packages/pluggy/_hooks.py", line 265 in __call__
  File "/Users/chy/opt/anaconda3/lib/python3.9/site-packages/_pytest/main.py", line 347 in pytest_runtestloop
  File "/Users/chy/opt/anaconda3/lib/python3.9/site-packages/pluggy/_callers.py", line 39 in _multicall
  File "/Users/chy/opt/anaconda3/lib/python3.9/site-packages/pluggy/_manager.py", line 80 in _hookexec
  File "/Users/chy/opt/anaconda3/lib/python3.9/site-packages/pluggy/_hooks.py", line 265 in __call__
  File "/Users/chy/opt/anaconda3/lib/python3.9/site-packages/_pytest/main.py", line 322 in _main
  File "/Users/chy/opt/anaconda3/lib/python3.9/site-packages/_pytest/main.py", line 268 in wrap_session
  File "/Users/chy/opt/anaconda3/lib/python3.9/site-packages/_pytest/main.py", line 315 in pytest_cmdline_main
  File "/Users/chy/opt/anaconda3/lib/python3.9/site-packages/pluggy/_callers.py", line 39 in _multicall
  File "/Users/chy/opt/anaconda3/lib/python3.9/site-packages/pluggy/_manager.py", line 80 in _hookexec
  File "/Users/chy/opt/anaconda3/lib/python3.9/site-packages/pluggy/_hooks.py", line 265 in __call__
  File "/Users/chy/opt/anaconda3/lib/python3.9/site-packages/_pytest/config/__init__.py", line 164 in main
  File "/Users/chy/opt/anaconda3/lib/python3.9/site-packages/_pytest/config/__init__.py", line 187 in console_main
  File "/Users/chy/opt/anaconda3/lib/python3.9/site-packages/pytest/__main__.py", line 5 in <module>
  File "/Users/chy/opt/anaconda3/lib/python3.9/runpy.py", line 87 in _run_code
  File "/Users/chy/opt/anaconda3/lib/python3.9/runpy.py", line 197 in _run_module_as_main
